<?xml version="1.0" encoding="UTF-8"?>
<testsuite xmlns:xsi="http://www.w3.org/2001/XMLSchema-instance" xsi:noNamespaceSchemaLocation="https://maven.apache.org/surefire/maven-surefire-plugin/xsd/surefire-test-report.xsd" name="com.xxxx.seckill.SeckillDemoApplicationTests" time="6.901" tests="1" errors="0" skipped="0" failures="0">
  <properties>
    <property name="sun.desktop" value="windows"/>
    <property name="awt.toolkit" value="sun.awt.windows.WToolkit"/>
    <property name="file.encoding.pkg" value="sun.io"/>
    <property name="java.specification.version" value="1.8"/>
    <property name="sun.cpu.isalist" value="amd64"/>
    <property name="sun.jnu.encoding" value="GBK"/>
    <property name="java.class.path" value="D:\profession\IdeaProjects\seckill-demo\target\test-classes;D:\profession\IdeaProjects\seckill-demo\target\classes;D:\environment\maven\repository\org\springframework\boot\spring-boot-starter-thymeleaf\2.4.4\spring-boot-starter-thymeleaf-2.4.4.jar;D:\environment\maven\repository\org\springframework\boot\spring-boot-starter\2.4.4\spring-boot-starter-2.4.4.jar;D:\environment\maven\repository\org\springframework\boot\spring-boot\2.4.4\spring-boot-2.4.4.jar;D:\environment\maven\repository\org\springframework\boot\spring-boot-starter-logging\2.4.4\spring-boot-starter-logging-2.4.4.jar;D:\environment\maven\repository\ch\qos\logback\logback-classic\1.2.3\logback-classic-1.2.3.jar;D:\environment\maven\repository\ch\qos\logback\logback-core\1.2.3\logback-core-1.2.3.jar;D:\environment\maven\repository\org\apache\logging\log4j\log4j-to-slf4j\2.13.3\log4j-to-slf4j-2.13.3.jar;D:\environment\maven\repository\org\apache\logging\log4j\log4j-api\2.13.3\log4j-api-2.13.3.jar;D:\environment\maven\repository\org\slf4j\jul-to-slf4j\1.7.30\jul-to-slf4j-1.7.30.jar;D:\environment\maven\repository\jakarta\annotation\jakarta.annotation-api\1.3.5\jakarta.annotation-api-1.3.5.jar;D:\environment\maven\repository\org\yaml\snakeyaml\1.27\snakeyaml-1.27.jar;D:\environment\maven\repository\org\thymeleaf\thymeleaf-spring5\3.0.12.RELEASE\thymeleaf-spring5-3.0.12.RELEASE.jar;D:\environment\maven\repository\org\thymeleaf\thymeleaf\3.0.12.RELEASE\thymeleaf-3.0.12.RELEASE.jar;D:\environment\maven\repository\org\attoparser\attoparser\2.0.5.RELEASE\attoparser-2.0.5.RELEASE.jar;D:\environment\maven\repository\org\unbescape\unbescape\1.1.6.RELEASE\unbescape-1.1.6.RELEASE.jar;D:\environment\maven\repository\org\slf4j\slf4j-api\1.7.30\slf4j-api-1.7.30.jar;D:\environment\maven\repository\org\thymeleaf\extras\thymeleaf-extras-java8time\3.0.4.RELEASE\thymeleaf-extras-java8time-3.0.4.RELEASE.jar;D:\environment\maven\repository\org\springframework\boot\spring-boot-starter-web\2.4.4\spring-boot-starter-web-2.4.4.jar;D:\environment\maven\repository\org\springframework\boot\spring-boot-starter-json\2.4.4\spring-boot-starter-json-2.4.4.jar;D:\environment\maven\repository\com\fasterxml\jackson\core\jackson-databind\2.11.4\jackson-databind-2.11.4.jar;D:\environment\maven\repository\com\fasterxml\jackson\core\jackson-annotations\2.11.4\jackson-annotations-2.11.4.jar;D:\environment\maven\repository\com\fasterxml\jackson\core\jackson-core\2.11.4\jackson-core-2.11.4.jar;D:\environment\maven\repository\com\fasterxml\jackson\datatype\jackson-datatype-jdk8\2.11.4\jackson-datatype-jdk8-2.11.4.jar;D:\environment\maven\repository\com\fasterxml\jackson\datatype\jackson-datatype-jsr310\2.11.4\jackson-datatype-jsr310-2.11.4.jar;D:\environment\maven\repository\com\fasterxml\jackson\module\jackson-module-parameter-names\2.11.4\jackson-module-parameter-names-2.11.4.jar;D:\environment\maven\repository\org\springframework\boot\spring-boot-starter-tomcat\2.4.4\spring-boot-starter-tomcat-2.4.4.jar;D:\environment\maven\repository\org\apache\tomcat\embed\tomcat-embed-core\9.0.44\tomcat-embed-core-9.0.44.jar;D:\environment\maven\repository\org\glassfish\jakarta.el\3.0.3\jakarta.el-3.0.3.jar;D:\environment\maven\repository\org\apache\tomcat\embed\tomcat-embed-websocket\9.0.44\tomcat-embed-websocket-9.0.44.jar;D:\environment\maven\repository\org\springframework\spring-web\5.3.5\spring-web-5.3.5.jar;D:\environment\maven\repository\org\springframework\spring-beans\5.3.5\spring-beans-5.3.5.jar;D:\environment\maven\repository\org\springframework\spring-webmvc\5.3.5\spring-webmvc-5.3.5.jar;D:\environment\maven\repository\org\springframework\spring-aop\5.3.5\spring-aop-5.3.5.jar;D:\environment\maven\repository\org\springframework\spring-context\5.3.5\spring-context-5.3.5.jar;D:\environment\maven\repository\org\springframework\spring-expression\5.3.5\spring-expression-5.3.5.jar;D:\environment\maven\repository\com\baomidou\mybatis-plus-boot-starter\3.2.0\mybatis-plus-boot-starter-3.2.0.jar;D:\environment\maven\repository\com\baomidou\mybatis-plus\3.2.0\mybatis-plus-3.2.0.jar;D:\environment\maven\repository\com\baomidou\mybatis-plus-extension\3.2.0\mybatis-plus-extension-3.2.0.jar;D:\environment\maven\repository\com\baomidou\mybatis-plus-core\3.2.0\mybatis-plus-core-3.2.0.jar;D:\environment\maven\repository\com\baomidou\mybatis-plus-annotation\3.2.0\mybatis-plus-annotation-3.2.0.jar;D:\environment\maven\repository\com\github\jsqlparser\jsqlparser\2.1\jsqlparser-2.1.jar;D:\environment\maven\repository\org\mybatis\mybatis\3.5.2\mybatis-3.5.2.jar;D:\environment\maven\repository\org\mybatis\mybatis-spring\2.0.2\mybatis-spring-2.0.2.jar;D:\environment\maven\repository\org\springframework\boot\spring-boot-autoconfigure\2.4.4\spring-boot-autoconfigure-2.4.4.jar;D:\environment\maven\repository\org\springframework\boot\spring-boot-starter-jdbc\2.4.4\spring-boot-starter-jdbc-2.4.4.jar;D:\environment\maven\repository\com\zaxxer\HikariCP\3.4.5\HikariCP-3.4.5.jar;D:\environment\maven\repository\org\springframework\spring-jdbc\5.3.5\spring-jdbc-5.3.5.jar;D:\environment\maven\repository\mysql\mysql-connector-java\8.0.23\mysql-connector-java-8.0.23.jar;D:\environment\maven\repository\org\projectlombok\lombok\1.18.18\lombok-1.18.18.jar;D:\environment\maven\repository\org\springframework\boot\spring-boot-starter-test\2.4.4\spring-boot-starter-test-2.4.4.jar;D:\environment\maven\repository\org\springframework\boot\spring-boot-test\2.4.4\spring-boot-test-2.4.4.jar;D:\environment\maven\repository\org\springframework\boot\spring-boot-test-autoconfigure\2.4.4\spring-boot-test-autoconfigure-2.4.4.jar;D:\environment\maven\repository\com\jayway\jsonpath\json-path\2.4.0\json-path-2.4.0.jar;D:\environment\maven\repository\net\minidev\json-smart\2.3\json-smart-2.3.jar;D:\environment\maven\repository\net\minidev\accessors-smart\1.2\accessors-smart-1.2.jar;D:\environment\maven\repository\org\ow2\asm\asm\5.0.4\asm-5.0.4.jar;D:\environment\maven\repository\jakarta\xml\bind\jakarta.xml.bind-api\2.3.3\jakarta.xml.bind-api-2.3.3.jar;D:\environment\maven\repository\jakarta\activation\jakarta.activation-api\1.2.2\jakarta.activation-api-1.2.2.jar;D:\environment\maven\repository\org\assertj\assertj-core\3.18.1\assertj-core-3.18.1.jar;D:\environment\maven\repository\org\hamcrest\hamcrest\2.2\hamcrest-2.2.jar;D:\environment\maven\repository\org\junit\jupiter\junit-jupiter\5.7.1\junit-jupiter-5.7.1.jar;D:\environment\maven\repository\org\junit\jupiter\junit-jupiter-api\5.7.1\junit-jupiter-api-5.7.1.jar;D:\environment\maven\repository\org\apiguardian\apiguardian-api\1.1.0\apiguardian-api-1.1.0.jar;D:\environment\maven\repository\org\opentest4j\opentest4j\1.2.0\opentest4j-1.2.0.jar;D:\environment\maven\repository\org\junit\platform\junit-platform-commons\1.7.1\junit-platform-commons-1.7.1.jar;D:\environment\maven\repository\org\junit\jupiter\junit-jupiter-params\5.7.1\junit-jupiter-params-5.7.1.jar;D:\environment\maven\repository\org\junit\jupiter\junit-jupiter-engine\5.7.1\junit-jupiter-engine-5.7.1.jar;D:\environment\maven\repository\org\junit\platform\junit-platform-engine\1.7.1\junit-platform-engine-1.7.1.jar;D:\environment\maven\repository\org\mockito\mockito-core\3.6.28\mockito-core-3.6.28.jar;D:\environment\maven\repository\net\bytebuddy\byte-buddy\1.10.22\byte-buddy-1.10.22.jar;D:\environment\maven\repository\net\bytebuddy\byte-buddy-agent\1.10.22\byte-buddy-agent-1.10.22.jar;D:\environment\maven\repository\org\objenesis\objenesis\3.1\objenesis-3.1.jar;D:\environment\maven\repository\org\mockito\mockito-junit-jupiter\3.6.28\mockito-junit-jupiter-3.6.28.jar;D:\environment\maven\repository\org\skyscreamer\jsonassert\1.5.0\jsonassert-1.5.0.jar;D:\environment\maven\repository\com\vaadin\external\google\android-json\0.0.20131108.vaadin1\android-json-0.0.20131108.vaadin1.jar;D:\environment\maven\repository\org\springframework\spring-core\5.3.5\spring-core-5.3.5.jar;D:\environment\maven\repository\org\springframework\spring-jcl\5.3.5\spring-jcl-5.3.5.jar;D:\environment\maven\repository\org\springframework\spring-test\5.3.5\spring-test-5.3.5.jar;D:\environment\maven\repository\org\xmlunit\xmlunit-core\2.7.0\xmlunit-core-2.7.0.jar;D:\environment\maven\repository\commons-codec\commons-codec\1.15\commons-codec-1.15.jar;D:\environment\maven\repository\org\apache\commons\commons-lang3\3.6\commons-lang3-3.6.jar;D:\environment\maven\repository\org\springframework\boot\spring-boot-maven-plugin\2.4.4\spring-boot-maven-plugin-2.4.4.jar;D:\environment\maven\repository\org\springframework\boot\spring-boot-buildpack-platform\2.4.4\spring-boot-buildpack-platform-2.4.4.jar;D:\environment\maven\repository\net\java\dev\jna\jna-platform\5.5.0\jna-platform-5.5.0.jar;D:\environment\maven\repository\net\java\dev\jna\jna\5.5.0\jna-5.5.0.jar;D:\environment\maven\repository\org\apache\commons\commons-compress\1.20\commons-compress-1.20.jar;D:\environment\maven\repository\org\apache\httpcomponents\httpclient\4.5.13\httpclient-4.5.13.jar;D:\environment\maven\repository\org\apache\httpcomponents\httpcore\4.4.14\httpcore-4.4.14.jar;D:\environment\maven\repository\org\springframework\boot\spring-boot-loader-tools\2.4.4\spring-boot-loader-tools-2.4.4.jar;D:\environment\maven\repository\org\apache\maven\shared\maven-common-artifact-filters\3.1.1\maven-common-artifact-filters-3.1.1.jar;D:\environment\maven\repository\org\apache\maven\maven-artifact\3.1.0\maven-artifact-3.1.0.jar;D:\environment\maven\repository\org\apache\maven\maven-model\3.1.0\maven-model-3.1.0.jar;D:\environment\maven\repository\org\apache\maven\maven-core\3.1.0\maven-core-3.1.0.jar;D:\environment\maven\repository\org\apache\maven\maven-settings\3.1.0\maven-settings-3.1.0.jar;D:\environment\maven\repository\org\apache\maven\maven-settings-builder\3.1.0\maven-settings-builder-3.1.0.jar;D:\environment\maven\repository\org\apache\maven\maven-repository-metadata\3.1.0\maven-repository-metadata-3.1.0.jar;D:\environment\maven\repository\org\apache\maven\maven-model-builder\3.1.0\maven-model-builder-3.1.0.jar;D:\environment\maven\repository\org\apache\maven\maven-aether-provider\3.1.0\maven-aether-provider-3.1.0.jar;D:\environment\maven\repository\org\eclipse\aether\aether-spi\0.9.0.M2\aether-spi-0.9.0.M2.jar;D:\environment\maven\repository\org\eclipse\aether\aether-impl\0.9.0.M2\aether-impl-0.9.0.M2.jar;D:\environment\maven\repository\org\eclipse\aether\aether-api\0.9.0.M2\aether-api-0.9.0.M2.jar;D:\environment\maven\repository\org\eclipse\aether\aether-util\0.9.0.M2\aether-util-0.9.0.M2.jar;D:\environment\maven\repository\org\codehaus\plexus\plexus-interpolation\1.16\plexus-interpolation-1.16.jar;D:\environment\maven\repository\org\codehaus\plexus\plexus-component-annotations\1.5.5\plexus-component-annotations-1.5.5.jar;D:\environment\maven\repository\org\sonatype\plexus\plexus-sec-dispatcher\1.3\plexus-sec-dispatcher-1.3.jar;D:\environment\maven\repository\org\sonatype\plexus\plexus-cipher\1.4\plexus-cipher-1.4.jar;D:\environment\maven\repository\org\sonatype\sisu\sisu-inject-plexus\1.4.2\sisu-inject-plexus-1.4.2.jar;D:\environment\maven\repository\org\sonatype\sisu\sisu-inject-bean\1.4.2\sisu-inject-bean-1.4.2.jar;D:\environment\maven\repository\org\sonatype\sisu\sisu-guice\2.1.7\sisu-guice-2.1.7-noaop.jar;D:\environment\maven\repository\commons-io\commons-io\2.6\commons-io-2.6.jar;D:\environment\maven\repository\org\apache\maven\shared\maven-shared-utils\3.3.3\maven-shared-utils-3.3.3.jar;D:\environment\maven\repository\org\apache\maven\maven-plugin-api\3.6.3\maven-plugin-api-3.6.3.jar;D:\environment\maven\repository\org\eclipse\sisu\org.eclipse.sisu.plexus\0.3.4\org.eclipse.sisu.plexus-0.3.4.jar;D:\environment\maven\repository\javax\enterprise\cdi-api\1.0\cdi-api-1.0.jar;D:\environment\maven\repository\javax\annotation\jsr250-api\1.0\jsr250-api-1.0.jar;D:\environment\maven\repository\javax\inject\javax.inject\1\javax.inject-1.jar;D:\environment\maven\repository\org\eclipse\sisu\org.eclipse.sisu.inject\0.3.4\org.eclipse.sisu.inject-0.3.4.jar;D:\environment\maven\repository\org\codehaus\plexus\plexus-utils\3.2.1\plexus-utils-3.2.1.jar;D:\environment\maven\repository\org\codehaus\plexus\plexus-classworlds\2.6.0\plexus-classworlds-2.6.0.jar;D:\environment\maven\repository\org\sonatype\plexus\plexus-build-api\0.0.7\plexus-build-api-0.0.7.jar;D:\environment\maven\repository\javax\validation\validation-api\2.0.1.Final\validation-api-2.0.1.Final.jar;D:\environment\maven\repository\org\hibernate\validator\hibernate-validator\6.0.17.Final\hibernate-validator-6.0.17.Final.jar;D:\environment\maven\repository\org\jboss\logging\jboss-logging\3.4.1.Final\jboss-logging-3.4.1.Final.jar;D:\environment\maven\repository\com\fasterxml\classmate\1.5.1\classmate-1.5.1.jar;D:\environment\maven\repository\org\springframework\boot\spring-boot-starter-data-redis\2.4.4\spring-boot-starter-data-redis-2.4.4.jar;D:\environment\maven\repository\org\springframework\data\spring-data-redis\2.4.6\spring-data-redis-2.4.6.jar;D:\environment\maven\repository\org\springframework\data\spring-data-keyvalue\2.4.6\spring-data-keyvalue-2.4.6.jar;D:\environment\maven\repository\org\springframework\data\spring-data-commons\2.4.6\spring-data-commons-2.4.6.jar;D:\environment\maven\repository\org\springframework\spring-tx\5.3.5\spring-tx-5.3.5.jar;D:\environment\maven\repository\org\springframework\spring-oxm\5.3.5\spring-oxm-5.3.5.jar;D:\environment\maven\repository\org\springframework\spring-context-support\5.3.5\spring-context-support-5.3.5.jar;D:\environment\maven\repository\io\lettuce\lettuce-core\6.0.3.RELEASE\lettuce-core-6.0.3.RELEASE.jar;D:\environment\maven\repository\io\netty\netty-common\4.1.60.Final\netty-common-4.1.60.Final.jar;D:\environment\maven\repository\io\netty\netty-handler\4.1.60.Final\netty-handler-4.1.60.Final.jar;D:\environment\maven\repository\io\netty\netty-resolver\4.1.60.Final\netty-resolver-4.1.60.Final.jar;D:\environment\maven\repository\io\netty\netty-buffer\4.1.60.Final\netty-buffer-4.1.60.Final.jar;D:\environment\maven\repository\io\netty\netty-codec\4.1.60.Final\netty-codec-4.1.60.Final.jar;D:\environment\maven\repository\io\netty\netty-transport\4.1.60.Final\netty-transport-4.1.60.Final.jar;D:\environment\maven\repository\io\projectreactor\reactor-core\3.4.4\reactor-core-3.4.4.jar;D:\environment\maven\repository\org\reactivestreams\reactive-streams\1.0.3\reactive-streams-1.0.3.jar;D:\environment\maven\repository\org\apache\commons\commons-pool2\2.9.0\commons-pool2-2.9.0.jar;"/>
    <property name="java.vm.vendor" value="Oracle Corporation"/>
    <property name="sun.arch.data.model" value="64"/>
    <property name="user.variant" value=""/>
    <property name="java.vendor.url" value="http://java.oracle.com/"/>
    <property name="user.timezone" value="Asia/Shanghai"/>
    <property name="java.vm.specification.version" value="1.8"/>
    <property name="os.name" value="Windows 10"/>
    <property name="user.country" value="CN"/>
    <property name="sun.java.launcher" value="SUN_STANDARD"/>
    <property name="sun.boot.library.path" value="D:\Program Files\Java\jdk1.8\jre\bin"/>
    <property name="sun.java.command" value="C:\Users\ADMINI~1\AppData\Local\Temp\surefire1296946730710115478\surefirebooter589059258176447242.jar C:\Users\Administrator\AppData\Local\Temp\surefire1296946730710115478 2023-03-16T14-48-32_452-jvmRun1 surefire3888219010838114559tmp surefire_01981433259339679460tmp"/>
    <property name="surefire.test.class.path" value="D:\profession\IdeaProjects\seckill-demo\target\test-classes;D:\profession\IdeaProjects\seckill-demo\target\classes;D:\environment\maven\repository\org\springframework\boot\spring-boot-starter-thymeleaf\2.4.4\spring-boot-starter-thymeleaf-2.4.4.jar;D:\environment\maven\repository\org\springframework\boot\spring-boot-starter\2.4.4\spring-boot-starter-2.4.4.jar;D:\environment\maven\repository\org\springframework\boot\spring-boot\2.4.4\spring-boot-2.4.4.jar;D:\environment\maven\repository\org\springframework\boot\spring-boot-starter-logging\2.4.4\spring-boot-starter-logging-2.4.4.jar;D:\environment\maven\repository\ch\qos\logback\logback-classic\1.2.3\logback-classic-1.2.3.jar;D:\environment\maven\repository\ch\qos\logback\logback-core\1.2.3\logback-core-1.2.3.jar;D:\environment\maven\repository\org\apache\logging\log4j\log4j-to-slf4j\2.13.3\log4j-to-slf4j-2.13.3.jar;D:\environment\maven\repository\org\apache\logging\log4j\log4j-api\2.13.3\log4j-api-2.13.3.jar;D:\environment\maven\repository\org\slf4j\jul-to-slf4j\1.7.30\jul-to-slf4j-1.7.30.jar;D:\environment\maven\repository\jakarta\annotation\jakarta.annotation-api\1.3.5\jakarta.annotation-api-1.3.5.jar;D:\environment\maven\repository\org\yaml\snakeyaml\1.27\snakeyaml-1.27.jar;D:\environment\maven\repository\org\thymeleaf\thymeleaf-spring5\3.0.12.RELEASE\thymeleaf-spring5-3.0.12.RELEASE.jar;D:\environment\maven\repository\org\thymeleaf\thymeleaf\3.0.12.RELEASE\thymeleaf-3.0.12.RELEASE.jar;D:\environment\maven\repository\org\attoparser\attoparser\2.0.5.RELEASE\attoparser-2.0.5.RELEASE.jar;D:\environment\maven\repository\org\unbescape\unbescape\1.1.6.RELEASE\unbescape-1.1.6.RELEASE.jar;D:\environment\maven\repository\org\slf4j\slf4j-api\1.7.30\slf4j-api-1.7.30.jar;D:\environment\maven\repository\org\thymeleaf\extras\thymeleaf-extras-java8time\3.0.4.RELEASE\thymeleaf-extras-java8time-3.0.4.RELEASE.jar;D:\environment\maven\repository\org\springframework\boot\spring-boot-starter-web\2.4.4\spring-boot-starter-web-2.4.4.jar;D:\environment\maven\repository\org\springframework\boot\spring-boot-starter-json\2.4.4\spring-boot-starter-json-2.4.4.jar;D:\environment\maven\repository\com\fasterxml\jackson\core\jackson-databind\2.11.4\jackson-databind-2.11.4.jar;D:\environment\maven\repository\com\fasterxml\jackson\core\jackson-annotations\2.11.4\jackson-annotations-2.11.4.jar;D:\environment\maven\repository\com\fasterxml\jackson\core\jackson-core\2.11.4\jackson-core-2.11.4.jar;D:\environment\maven\repository\com\fasterxml\jackson\datatype\jackson-datatype-jdk8\2.11.4\jackson-datatype-jdk8-2.11.4.jar;D:\environment\maven\repository\com\fasterxml\jackson\datatype\jackson-datatype-jsr310\2.11.4\jackson-datatype-jsr310-2.11.4.jar;D:\environment\maven\repository\com\fasterxml\jackson\module\jackson-module-parameter-names\2.11.4\jackson-module-parameter-names-2.11.4.jar;D:\environment\maven\repository\org\springframework\boot\spring-boot-starter-tomcat\2.4.4\spring-boot-starter-tomcat-2.4.4.jar;D:\environment\maven\repository\org\apache\tomcat\embed\tomcat-embed-core\9.0.44\tomcat-embed-core-9.0.44.jar;D:\environment\maven\repository\org\glassfish\jakarta.el\3.0.3\jakarta.el-3.0.3.jar;D:\environment\maven\repository\org\apache\tomcat\embed\tomcat-embed-websocket\9.0.44\tomcat-embed-websocket-9.0.44.jar;D:\environment\maven\repository\org\springframework\spring-web\5.3.5\spring-web-5.3.5.jar;D:\environment\maven\repository\org\springframework\spring-beans\5.3.5\spring-beans-5.3.5.jar;D:\environment\maven\repository\org\springframework\spring-webmvc\5.3.5\spring-webmvc-5.3.5.jar;D:\environment\maven\repository\org\springframework\spring-aop\5.3.5\spring-aop-5.3.5.jar;D:\environment\maven\repository\org\springframework\spring-context\5.3.5\spring-context-5.3.5.jar;D:\environment\maven\repository\org\springframework\spring-expression\5.3.5\spring-expression-5.3.5.jar;D:\environment\maven\repository\com\baomidou\mybatis-plus-boot-starter\3.2.0\mybatis-plus-boot-starter-3.2.0.jar;D:\environment\maven\repository\com\baomidou\mybatis-plus\3.2.0\mybatis-plus-3.2.0.jar;D:\environment\maven\repository\com\baomidou\mybatis-plus-extension\3.2.0\mybatis-plus-extension-3.2.0.jar;D:\environment\maven\repository\com\baomidou\mybatis-plus-core\3.2.0\mybatis-plus-core-3.2.0.jar;D:\environment\maven\repository\com\baomidou\mybatis-plus-annotation\3.2.0\mybatis-plus-annotation-3.2.0.jar;D:\environment\maven\repository\com\github\jsqlparser\jsqlparser\2.1\jsqlparser-2.1.jar;D:\environment\maven\repository\org\mybatis\mybatis\3.5.2\mybatis-3.5.2.jar;D:\environment\maven\repository\org\mybatis\mybatis-spring\2.0.2\mybatis-spring-2.0.2.jar;D:\environment\maven\repository\org\springframework\boot\spring-boot-autoconfigure\2.4.4\spring-boot-autoconfigure-2.4.4.jar;D:\environment\maven\repository\org\springframework\boot\spring-boot-starter-jdbc\2.4.4\spring-boot-starter-jdbc-2.4.4.jar;D:\environment\maven\repository\com\zaxxer\HikariCP\3.4.5\HikariCP-3.4.5.jar;D:\environment\maven\repository\org\springframework\spring-jdbc\5.3.5\spring-jdbc-5.3.5.jar;D:\environment\maven\repository\mysql\mysql-connector-java\8.0.23\mysql-connector-java-8.0.23.jar;D:\environment\maven\repository\org\projectlombok\lombok\1.18.18\lombok-1.18.18.jar;D:\environment\maven\repository\org\springframework\boot\spring-boot-starter-test\2.4.4\spring-boot-starter-test-2.4.4.jar;D:\environment\maven\repository\org\springframework\boot\spring-boot-test\2.4.4\spring-boot-test-2.4.4.jar;D:\environment\maven\repository\org\springframework\boot\spring-boot-test-autoconfigure\2.4.4\spring-boot-test-autoconfigure-2.4.4.jar;D:\environment\maven\repository\com\jayway\jsonpath\json-path\2.4.0\json-path-2.4.0.jar;D:\environment\maven\repository\net\minidev\json-smart\2.3\json-smart-2.3.jar;D:\environment\maven\repository\net\minidev\accessors-smart\1.2\accessors-smart-1.2.jar;D:\environment\maven\repository\org\ow2\asm\asm\5.0.4\asm-5.0.4.jar;D:\environment\maven\repository\jakarta\xml\bind\jakarta.xml.bind-api\2.3.3\jakarta.xml.bind-api-2.3.3.jar;D:\environment\maven\repository\jakarta\activation\jakarta.activation-api\1.2.2\jakarta.activation-api-1.2.2.jar;D:\environment\maven\repository\org\assertj\assertj-core\3.18.1\assertj-core-3.18.1.jar;D:\environment\maven\repository\org\hamcrest\hamcrest\2.2\hamcrest-2.2.jar;D:\environment\maven\repository\org\junit\jupiter\junit-jupiter\5.7.1\junit-jupiter-5.7.1.jar;D:\environment\maven\repository\org\junit\jupiter\junit-jupiter-api\5.7.1\junit-jupiter-api-5.7.1.jar;D:\environment\maven\repository\org\apiguardian\apiguardian-api\1.1.0\apiguardian-api-1.1.0.jar;D:\environment\maven\repository\org\opentest4j\opentest4j\1.2.0\opentest4j-1.2.0.jar;D:\environment\maven\repository\org\junit\platform\junit-platform-commons\1.7.1\junit-platform-commons-1.7.1.jar;D:\environment\maven\repository\org\junit\jupiter\junit-jupiter-params\5.7.1\junit-jupiter-params-5.7.1.jar;D:\environment\maven\repository\org\junit\jupiter\junit-jupiter-engine\5.7.1\junit-jupiter-engine-5.7.1.jar;D:\environment\maven\repository\org\junit\platform\junit-platform-engine\1.7.1\junit-platform-engine-1.7.1.jar;D:\environment\maven\repository\org\mockito\mockito-core\3.6.28\mockito-core-3.6.28.jar;D:\environment\maven\repository\net\bytebuddy\byte-buddy\1.10.22\byte-buddy-1.10.22.jar;D:\environment\maven\repository\net\bytebuddy\byte-buddy-agent\1.10.22\byte-buddy-agent-1.10.22.jar;D:\environment\maven\repository\org\objenesis\objenesis\3.1\objenesis-3.1.jar;D:\environment\maven\repository\org\mockito\mockito-junit-jupiter\3.6.28\mockito-junit-jupiter-3.6.28.jar;D:\environment\maven\repository\org\skyscreamer\jsonassert\1.5.0\jsonassert-1.5.0.jar;D:\environment\maven\repository\com\vaadin\external\google\android-json\0.0.20131108.vaadin1\android-json-0.0.20131108.vaadin1.jar;D:\environment\maven\repository\org\springframework\spring-core\5.3.5\spring-core-5.3.5.jar;D:\environment\maven\repository\org\springframework\spring-jcl\5.3.5\spring-jcl-5.3.5.jar;D:\environment\maven\repository\org\springframework\spring-test\5.3.5\spring-test-5.3.5.jar;D:\environment\maven\repository\org\xmlunit\xmlunit-core\2.7.0\xmlunit-core-2.7.0.jar;D:\environment\maven\repository\commons-codec\commons-codec\1.15\commons-codec-1.15.jar;D:\environment\maven\repository\org\apache\commons\commons-lang3\3.6\commons-lang3-3.6.jar;D:\environment\maven\repository\org\springframework\boot\spring-boot-maven-plugin\2.4.4\spring-boot-maven-plugin-2.4.4.jar;D:\environment\maven\repository\org\springframework\boot\spring-boot-buildpack-platform\2.4.4\spring-boot-buildpack-platform-2.4.4.jar;D:\environment\maven\repository\net\java\dev\jna\jna-platform\5.5.0\jna-platform-5.5.0.jar;D:\environment\maven\repository\net\java\dev\jna\jna\5.5.0\jna-5.5.0.jar;D:\environment\maven\repository\org\apache\commons\commons-compress\1.20\commons-compress-1.20.jar;D:\environment\maven\repository\org\apache\httpcomponents\httpclient\4.5.13\httpclient-4.5.13.jar;D:\environment\maven\repository\org\apache\httpcomponents\httpcore\4.4.14\httpcore-4.4.14.jar;D:\environment\maven\repository\org\springframework\boot\spring-boot-loader-tools\2.4.4\spring-boot-loader-tools-2.4.4.jar;D:\environment\maven\repository\org\apache\maven\shared\maven-common-artifact-filters\3.1.1\maven-common-artifact-filters-3.1.1.jar;D:\environment\maven\repository\org\apache\maven\maven-artifact\3.1.0\maven-artifact-3.1.0.jar;D:\environment\maven\repository\org\apache\maven\maven-model\3.1.0\maven-model-3.1.0.jar;D:\environment\maven\repository\org\apache\maven\maven-core\3.1.0\maven-core-3.1.0.jar;D:\environment\maven\repository\org\apache\maven\maven-settings\3.1.0\maven-settings-3.1.0.jar;D:\environment\maven\repository\org\apache\maven\maven-settings-builder\3.1.0\maven-settings-builder-3.1.0.jar;D:\environment\maven\repository\org\apache\maven\maven-repository-metadata\3.1.0\maven-repository-metadata-3.1.0.jar;D:\environment\maven\repository\org\apache\maven\maven-model-builder\3.1.0\maven-model-builder-3.1.0.jar;D:\environment\maven\repository\org\apache\maven\maven-aether-provider\3.1.0\maven-aether-provider-3.1.0.jar;D:\environment\maven\repository\org\eclipse\aether\aether-spi\0.9.0.M2\aether-spi-0.9.0.M2.jar;D:\environment\maven\repository\org\eclipse\aether\aether-impl\0.9.0.M2\aether-impl-0.9.0.M2.jar;D:\environment\maven\repository\org\eclipse\aether\aether-api\0.9.0.M2\aether-api-0.9.0.M2.jar;D:\environment\maven\repository\org\eclipse\aether\aether-util\0.9.0.M2\aether-util-0.9.0.M2.jar;D:\environment\maven\repository\org\codehaus\plexus\plexus-interpolation\1.16\plexus-interpolation-1.16.jar;D:\environment\maven\repository\org\codehaus\plexus\plexus-component-annotations\1.5.5\plexus-component-annotations-1.5.5.jar;D:\environment\maven\repository\org\sonatype\plexus\plexus-sec-dispatcher\1.3\plexus-sec-dispatcher-1.3.jar;D:\environment\maven\repository\org\sonatype\plexus\plexus-cipher\1.4\plexus-cipher-1.4.jar;D:\environment\maven\repository\org\sonatype\sisu\sisu-inject-plexus\1.4.2\sisu-inject-plexus-1.4.2.jar;D:\environment\maven\repository\org\sonatype\sisu\sisu-inject-bean\1.4.2\sisu-inject-bean-1.4.2.jar;D:\environment\maven\repository\org\sonatype\sisu\sisu-guice\2.1.7\sisu-guice-2.1.7-noaop.jar;D:\environment\maven\repository\commons-io\commons-io\2.6\commons-io-2.6.jar;D:\environment\maven\repository\org\apache\maven\shared\maven-shared-utils\3.3.3\maven-shared-utils-3.3.3.jar;D:\environment\maven\repository\org\apache\maven\maven-plugin-api\3.6.3\maven-plugin-api-3.6.3.jar;D:\environment\maven\repository\org\eclipse\sisu\org.eclipse.sisu.plexus\0.3.4\org.eclipse.sisu.plexus-0.3.4.jar;D:\environment\maven\repository\javax\enterprise\cdi-api\1.0\cdi-api-1.0.jar;D:\environment\maven\repository\javax\annotation\jsr250-api\1.0\jsr250-api-1.0.jar;D:\environment\maven\repository\javax\inject\javax.inject\1\javax.inject-1.jar;D:\environment\maven\repository\org\eclipse\sisu\org.eclipse.sisu.inject\0.3.4\org.eclipse.sisu.inject-0.3.4.jar;D:\environment\maven\repository\org\codehaus\plexus\plexus-utils\3.2.1\plexus-utils-3.2.1.jar;D:\environment\maven\repository\org\codehaus\plexus\plexus-classworlds\2.6.0\plexus-classworlds-2.6.0.jar;D:\environment\maven\repository\org\sonatype\plexus\plexus-build-api\0.0.7\plexus-build-api-0.0.7.jar;D:\environment\maven\repository\javax\validation\validation-api\2.0.1.Final\validation-api-2.0.1.Final.jar;D:\environment\maven\repository\org\hibernate\validator\hibernate-validator\6.0.17.Final\hibernate-validator-6.0.17.Final.jar;D:\environment\maven\repository\org\jboss\logging\jboss-logging\3.4.1.Final\jboss-logging-3.4.1.Final.jar;D:\environment\maven\repository\com\fasterxml\classmate\1.5.1\classmate-1.5.1.jar;D:\environment\maven\repository\org\springframework\boot\spring-boot-starter-data-redis\2.4.4\spring-boot-starter-data-redis-2.4.4.jar;D:\environment\maven\repository\org\springframework\data\spring-data-redis\2.4.6\spring-data-redis-2.4.6.jar;D:\environment\maven\repository\org\springframework\data\spring-data-keyvalue\2.4.6\spring-data-keyvalue-2.4.6.jar;D:\environment\maven\repository\org\springframework\data\spring-data-commons\2.4.6\spring-data-commons-2.4.6.jar;D:\environment\maven\repository\org\springframework\spring-tx\5.3.5\spring-tx-5.3.5.jar;D:\environment\maven\repository\org\springframework\spring-oxm\5.3.5\spring-oxm-5.3.5.jar;D:\environment\maven\repository\org\springframework\spring-context-support\5.3.5\spring-context-support-5.3.5.jar;D:\environment\maven\repository\io\lettuce\lettuce-core\6.0.3.RELEASE\lettuce-core-6.0.3.RELEASE.jar;D:\environment\maven\repository\io\netty\netty-common\4.1.60.Final\netty-common-4.1.60.Final.jar;D:\environment\maven\repository\io\netty\netty-handler\4.1.60.Final\netty-handler-4.1.60.Final.jar;D:\environment\maven\repository\io\netty\netty-resolver\4.1.60.Final\netty-resolver-4.1.60.Final.jar;D:\environment\maven\repository\io\netty\netty-buffer\4.1.60.Final\netty-buffer-4.1.60.Final.jar;D:\environment\maven\repository\io\netty\netty-codec\4.1.60.Final\netty-codec-4.1.60.Final.jar;D:\environment\maven\repository\io\netty\netty-transport\4.1.60.Final\netty-transport-4.1.60.Final.jar;D:\environment\maven\repository\io\projectreactor\reactor-core\3.4.4\reactor-core-3.4.4.jar;D:\environment\maven\repository\org\reactivestreams\reactive-streams\1.0.3\reactive-streams-1.0.3.jar;D:\environment\maven\repository\org\apache\commons\commons-pool2\2.9.0\commons-pool2-2.9.0.jar;"/>
    <property name="sun.cpu.endian" value="little"/>
    <property name="user.home" value="C:\Users\Administrator"/>
    <property name="user.language" value="zh"/>
    <property name="java.specification.vendor" value="Oracle Corporation"/>
    <property name="java.home" value="D:\Program Files\Java\jdk1.8\jre"/>
    <property name="basedir" value="D:\profession\IdeaProjects\seckill-demo"/>
    <property name="file.separator" value="\"/>
    <property name="line.separator" value="&#10;"/>
    <property name="java.vm.specification.vendor" value="Oracle Corporation"/>
    <property name="java.specification.name" value="Java Platform API Specification"/>
    <property name="java.awt.graphicsenv" value="sun.awt.Win32GraphicsEnvironment"/>
    <property name="surefire.real.class.path" value="C:\Users\ADMINI~1\AppData\Local\Temp\surefire1296946730710115478\surefirebooter589059258176447242.jar"/>
    <property name="sun.boot.class.path" value="D:\Program Files\Java\jdk1.8\jre\lib\resources.jar;D:\Program Files\Java\jdk1.8\jre\lib\rt.jar;D:\Program Files\Java\jdk1.8\jre\lib\sunrsasign.jar;D:\Program Files\Java\jdk1.8\jre\lib\jsse.jar;D:\Program Files\Java\jdk1.8\jre\lib\jce.jar;D:\Program Files\Java\jdk1.8\jre\lib\charsets.jar;D:\Program Files\Java\jdk1.8\jre\lib\jfr.jar;D:\Program Files\Java\jdk1.8\jre\classes"/>
    <property name="user.script" value=""/>
    <property name="sun.management.compiler" value="HotSpot 64-Bit Tiered Compilers"/>
    <property name="java.runtime.version" value="1.8.0_152-b16"/>
    <property name="user.name" value="Administrator"/>
    <property name="path.separator" value=";"/>
    <property name="os.version" value="10.0"/>
    <property name="java.endorsed.dirs" value="D:\Program Files\Java\jdk1.8\jre\lib\endorsed"/>
    <property name="java.runtime.name" value="Java(TM) SE Runtime Environment"/>
    <property name="file.encoding" value="GBK"/>
    <property name="java.vm.name" value="Java HotSpot(TM) 64-Bit Server VM"/>
    <property name="localRepository" value="D:\environment\maven\repository"/>
    <property name="java.vendor.url.bug" value="http://bugreport.sun.com/bugreport/"/>
    <property name="java.io.tmpdir" value="C:\Users\ADMINI~1\AppData\Local\Temp\"/>
    <property name="idea.version" value="2018.3.4"/>
    <property name="java.version" value="1.8.0_152"/>
    <property name="user.dir" value="D:\profession\IdeaProjects\seckill-demo"/>
    <property name="os.arch" value="amd64"/>
    <property name="java.vm.specification.name" value="Java Virtual Machine Specification"/>
    <property name="java.awt.printerjob" value="sun.awt.windows.WPrinterJob"/>
    <property name="sun.os.patch.level" value=""/>
    <property name="java.library.path" value="D:\Program Files\Java\jdk1.8\jre\bin;C:\Windows\Sun\Java\bin;C:\Windows\system32;C:\Windows;D:\profession\VMware\bin\;D:\profession\python2.7\python2.7\Scripts;D:\profession\python2.7\python2.7\;D:\profession\visual studio\vs\Community\VC\Tools\MSVC\14.29.30133\bin\Hostx64\x64;D:\profession\Anaconda3\anaconda;D:\profession\Anaconda3\anaconda\Library\mingw-w64\bin;D:\profession\Anaconda3\anaconda\Library\usr\bin;D:\profession\Anaconda3\anaconda\Library\bin;D:\profession\Anaconda3\anaconda\Scripts;D:\Program Files\NVIDIA GPU Computing Toolkit\CUDA\v11.0\bin;D:\Program Files\NVIDIA GPU Computing Toolkit\CUDA\v11.0\libnvvp;D:\Program Files\java\jdk1.8\bin;C:\ProgramData\Oracle\Java\javapath;C:\Windows\system32;C:\Windows;C:\Windows\System32\Wbem;C:\Windows\System32\WindowsPowerShell\v1.0\;C:\Windows\System32\OpenSSH\;D:\Program Files\mysql\mysql-8.0.26-winx64\bin;D:\Anaconda3\Library\mingw-w64;D:\maven\bin;D:\profession\xshell\xshell\;D:\profession\xftp\xftp\;D:\environment\maven\bin;D:\profession\graphviz\graphviz\bin;C:\Program Files\dotnet\;C:\Program Files\Microsoft SQL Server\130\Tools\Binn\;C:\Program Files\Microsoft SQL Server\Client SDK\ODBC\170\Tools\Binn\;D:\profession\matlab\matlab_install\runtime\win64;D:\profession\matlab\matlab_install\bin;D:\profession\matlab\matlab_install\polyspace\bin;D:\svn\svn\bin;C:\Program Files (x86)\NVIDIA Corporation\PhysX\Common;C:\Program Files\NVIDIA Corporation\NVIDIA NvDLISR;C:\Program Files\NVIDIA Corporation\Nsight Compute 2020.1.1\;D:\Program Files\NVIDIA GPU Computing Toolkit\CUDA\v11.0\lib\x64;D:\Program Files\NVIDIA GPU Computing Toolkit\CUDA\v11.0\libnvvp;D:\graduate_study\software\latex\2021\texlive\2021\bin\win32;D:\profession\node\node\node_global\;D:\profession\node\node\;D:\profession\python2.7\python2.7\Scripts;D:\profession\python2.7\python2.7\;D:\profession\python3.8\python3.8\Scripts\;D:\profession\python3.8\python3.8\;C:\Users\Administrator\AppData\Local\Microsoft\WindowsApps;C:\Users\Administrator\.dotnet\tools;D:\profession\node\node\node_global\node_modules;;."/>
    <property name="java.vm.info" value="mixed mode"/>
    <property name="java.vendor" value="Oracle Corporation"/>
    <property name="java.vm.version" value="25.152-b16"/>
    <property name="java.ext.dirs" value="D:\Program Files\Java\jdk1.8\jre\lib\ext;C:\Windows\Sun\Java\lib\ext"/>
    <property name="sun.io.unicode.encoding" value="UnicodeLittle"/>
    <property name="java.class.version" value="52.0"/>
  </properties>
  <testcase name="contextLoads" classname="com.xxxx.seckill.SeckillDemoApplicationTests" time="0.212"/>
</testsuite>